TN:
SF:src/route.entity.ts
FN:10,<instance_members_initializer>
FN:12,Route
FN:19,updateTitle
FN:26,updatePosition
FN:31,get title
FN:35,set title
FN:39,get startPosition
FN:43,set startPosition
FN:47,get endPosition
FN:51,set endPosition
FNF:10
FNH:7
FNDA:1,<instance_members_initializer>
FNDA:1,Route
FNDA:0,updateTitle
FNDA:1,updatePosition
FNDA:0,get title
FNDA:0,set title
FNDA:1,get startPosition
FNDA:1,set startPosition
FNDA:1,get endPosition
FNDA:1,set endPosition
DA:1,1
DA:2,1
DA:3,1
DA:4,1
DA:5,1
DA:6,1
DA:7,1
DA:8,1
DA:9,1
DA:10,1
DA:11,1
DA:12,1
DA:13,1
DA:14,1
DA:15,1
DA:16,1
DA:17,1
DA:18,1
DA:19,1
DA:20,0
DA:21,0
DA:22,0
DA:23,0
DA:24,0
DA:25,1
DA:26,1
DA:27,1
DA:28,1
DA:29,1
DA:30,1
DA:31,1
DA:32,0
DA:33,0
DA:34,1
DA:35,1
DA:36,0
DA:37,0
DA:38,1
DA:39,1
DA:40,1
DA:41,1
DA:42,1
DA:43,1
DA:44,1
DA:45,1
DA:46,1
DA:47,1
DA:48,1
DA:49,1
DA:50,1
DA:51,1
DA:52,1
DA:53,1
DA:54,1
LF:54
LH:45
BRDA:10,0,0,1
BRDA:12,1,0,1
BRDA:26,2,0,1
BRDA:39,3,0,1
BRDA:43,4,0,1
BRDA:47,5,0,1
BRDA:51,6,0,1
BRF:7
BRH:7
end_of_record
