TN:
SF:src/application/create-route.use-case.ts
FN:7,<instance_members_initializer>
FN:8,CreateRouteUseCase
FN:10,execute
FNF:3
FNH:3
FNDA:1,<instance_members_initializer>
FNDA:1,CreateRouteUseCase
FNDA:1,execute
DA:1,1
DA:2,1
DA:3,1
DA:4,1
DA:5,1
DA:6,1
DA:7,1
DA:8,1
DA:9,1
DA:10,1
DA:11,1
DA:12,1
DA:13,1
DA:14,1
DA:15,1
DA:16,1
DA:17,1
DA:18,1
DA:19,1
DA:20,1
DA:21,1
DA:22,1
DA:23,1
DA:24,1
DA:25,1
DA:26,1
DA:27,1
DA:28,1
DA:29,1
DA:30,1
LF:30
LH:30
BRDA:7,0,0,1
BRDA:8,1,0,1
BRDA:10,2,0,1
BRF:3
BRH:3
end_of_record
TN:
SF:src/domain/route.entity.ts
FN:10,<instance_members_initializer>
FN:13,Route
FN:21,updateTitle
FN:25,updatePosition
FN:30,updatePoints
FN:34,get title
FN:38,set title
FN:42,get startPosition
FN:46,set startPosition
FN:50,get endPosition
FN:54,set endPosition
FN:58,get points
FN:62,set points
FN:66,toJSON
FNF:14
FNH:14
FNDA:1,<instance_members_initializer>
FNDA:1,Route
FNDA:1,updateTitle
FNDA:1,updatePosition
FNDA:1,updatePoints
FNDA:1,get title
FNDA:1,set title
FNDA:1,get startPosition
FNDA:1,set startPosition
FNDA:1,get endPosition
FNDA:1,set endPosition
FNDA:1,get points
FNDA:1,set points
FNDA:1,toJSON
DA:1,1
DA:2,1
DA:3,1
DA:4,1
DA:5,1
DA:6,1
DA:7,1
DA:8,1
DA:9,1
DA:10,1
DA:11,1
DA:12,1
DA:13,1
DA:14,1
DA:15,1
DA:16,1
DA:17,1
DA:18,1
DA:19,1
DA:20,1
DA:21,1
DA:22,1
DA:23,1
DA:24,1
DA:25,1
DA:26,1
DA:27,1
DA:28,1
DA:29,1
DA:30,1
DA:31,1
DA:32,1
DA:33,1
DA:34,1
DA:35,1
DA:36,1
DA:37,1
DA:38,1
DA:39,1
DA:40,1
DA:41,1
DA:42,1
DA:43,1
DA:44,1
DA:45,1
DA:46,1
DA:47,1
DA:48,1
DA:49,1
DA:50,1
DA:51,1
DA:52,1
DA:53,1
DA:54,1
DA:55,1
DA:56,1
DA:57,1
DA:58,1
DA:59,1
DA:60,1
DA:61,1
DA:62,1
DA:63,1
DA:64,1
DA:65,1
DA:66,1
DA:67,1
DA:68,1
DA:69,1
DA:70,1
DA:71,1
DA:72,1
LF:72
LH:72
BRDA:10,0,0,1
BRDA:13,1,0,1
BRDA:21,2,0,1
BRDA:25,3,0,1
BRDA:30,4,0,1
BRDA:34,5,0,1
BRDA:38,6,0,1
BRDA:42,7,0,1
BRDA:46,8,0,1
BRDA:50,9,0,1
BRDA:54,10,0,1
BRDA:58,11,0,1
BRDA:62,12,0,1
BRDA:66,13,0,1
BRF:14
BRH:14
end_of_record
TN:
SF:src/infra/db/route-in-memory.repository.ts
FN:4,<instance_members_initializer>
FN:7,insert
FNF:2
FNH:2
FNDA:1,<instance_members_initializer>
FNDA:1,insert
DA:1,1
DA:2,1
DA:3,1
DA:4,1
DA:5,1
DA:6,1
DA:7,1
DA:8,1
DA:9,1
DA:10,1
LF:10
LH:10
BRDA:4,0,0,1
BRDA:7,1,0,1
BRF:2
BRH:2
end_of_record
